<?xml version="1.0" encoding="UTF-8"?>
<!-- Generated by org.testng.reporters.JUnitXMLReporter -->
<testsuite ignored="0" hostname="LAPTOP-4VH20URH" failures="0" tests="37" name="Default test" time="0.299" errors="0" timestamp="2022-10-01T11:03:14 EDT">
  <testcase classname="Com.Salesforce.test.basetest.BaseTest" name="@BeforeMethod setUp" time="-1.664636594685E9">
    <failure type="org.testng.TestNGException" message="
Parameter &amp;apos;browsername&amp;apos; is required by BeforeMethod on method setUp but has not been marked @Optional or defined
in C:\Users\Gayathri\AppData\Local\Temp\testng-eclipse-1461026502\testng-customsuite.xml">
      <![CDATA[org.testng.TestNGException: 
Parameter 'browsername' is required by BeforeMethod on method setUp but has not been marked @Optional or defined
in C:\Users\Gayathri\AppData\Local\Temp\testng-eclipse-1461026502\testng-customsuite.xml
at org.testng.internal.Parameters.createParams(Parameters.java:270)
at org.testng.internal.Parameters.createParametersForMethod(Parameters.java:358)
at org.testng.internal.Parameters.createParameters(Parameters.java:700)
at org.testng.internal.Parameters.createConfigurationParameters(Parameters.java:168)
at org.testng.internal.ConfigInvoker.invokeConfigurations(ConfigInvoker.java:302)
at org.testng.internal.TestInvoker.runConfigMethods(TestInvoker.java:700)
at org.testng.internal.TestInvoker.invokeMethod(TestInvoker.java:527)
at org.testng.internal.TestInvoker.invokeTestMethod(TestInvoker.java:173)
at org.testng.internal.MethodRunner.runInSequence(MethodRunner.java:46)
at org.testng.internal.TestInvoker$MethodInvocationAgent.invoke(TestInvoker.java:824)
at org.testng.internal.TestInvoker.invokeTestMethods(TestInvoker.java:146)
at org.testng.internal.TestMethodWorker.invokeTestMethods(TestMethodWorker.java:146)
at org.testng.internal.TestMethodWorker.run(TestMethodWorker.java:128)
at java.base/java.util.ArrayList.forEach(ArrayList.java:1511)
at org.testng.TestRunner.privateRun(TestRunner.java:794)
at org.testng.TestRunner.run(TestRunner.java:596)
at org.testng.SuiteRunner.runTest(SuiteRunner.java:377)
at org.testng.SuiteRunner.runSequentially(SuiteRunner.java:371)
at org.testng.SuiteRunner.privateRun(SuiteRunner.java:332)
at org.testng.SuiteRunner.run(SuiteRunner.java:276)
at org.testng.SuiteRunnerWorker.runSuite(SuiteRunnerWorker.java:53)
at org.testng.SuiteRunnerWorker.run(SuiteRunnerWorker.java:96)
at org.testng.TestNG.runSuitesSequentially(TestNG.java:1212)
at org.testng.TestNG.runSuitesLocally(TestNG.java:1134)
at org.testng.TestNG.runSuites(TestNG.java:1063)
at org.testng.TestNG.run(TestNG.java:1031)
at org.testng.remote.AbstractRemoteTestNG.run(AbstractRemoteTestNG.java:115)
at org.testng.remote.RemoteTestNG.initAndRun(RemoteTestNG.java:251)
at org.testng.remote.RemoteTestNG.main(RemoteTestNG.java:77)
]]>
    </failure>
  </testcase> <!-- @BeforeMethod setUp -->
  <testcase classname="Com.Salesforce.test.basetest.BaseTest" name="@AfterMethod tearDown" time="-1.664636594698E9">
    <skipped/>
  </testcase> <!-- @AfterMethod tearDown -->
  <testcase classname="Com.Salesforce.test.basetest.BaseTest" name="@BeforeMethod setUp" time="-1.664636594699E9">
    <skipped/>
  </testcase> <!-- @BeforeMethod setUp -->
  <testcase classname="Com.Salesforce.test.basetest.BaseTest" name="@AfterMethod tearDown" time="-1.664636594702E9">
    <skipped/>
  </testcase> <!-- @AfterMethod tearDown -->
  <testcase classname="Com.Salesforce.test.basetest.BaseTest" name="@BeforeMethod setUp" time="-1.664636594703E9">
    <skipped/>
  </testcase> <!-- @BeforeMethod setUp -->
  <testcase classname="Com.Salesforce.test.basetest.BaseTest" name="@AfterMethod tearDown" time="-1.664636594705E9">
    <skipped/>
  </testcase> <!-- @AfterMethod tearDown -->
  <testcase classname="Com.Salesforce.test.basetest.BaseTest" name="@BeforeMethod setUp" time="-1.664636594706E9">
    <skipped/>
  </testcase> <!-- @BeforeMethod setUp -->
  <testcase classname="Com.Salesforce.test.basetest.BaseTest" name="@AfterMethod tearDown" time="-1.664636594708E9">
    <skipped/>
  </testcase> <!-- @AfterMethod tearDown -->
  <testcase classname="Com.Salesforce.test.basetest.BaseTest" name="@BeforeMethod setUp" time="-1.664636594709E9">
    <skipped/>
  </testcase> <!-- @BeforeMethod setUp -->
  <testcase classname="Com.Salesforce.test.basetest.BaseTest" name="@AfterMethod tearDown" time="-1.664636594712E9">
    <skipped/>
  </testcase> <!-- @AfterMethod tearDown -->
  <testcase classname="Com.Salesforce.test.basetest.BaseTest" name="@BeforeMethod setUp" time="-1.664636594712E9">
    <skipped/>
  </testcase> <!-- @BeforeMethod setUp -->
  <testcase classname="Com.Salesforce.test.basetest.BaseTest" name="@AfterMethod tearDown" time="-1.664636594715E9">
    <skipped/>
  </testcase> <!-- @AfterMethod tearDown -->
  <testcase classname="Com.Salesforce.test.basetest.BaseTest" name="@BeforeMethod setUp" time="-1.664636594716E9">
    <skipped/>
  </testcase> <!-- @BeforeMethod setUp -->
  <testcase classname="Com.Salesforce.test.basetest.BaseTest" name="@AfterMethod tearDown" time="-1.664636594718E9">
    <skipped/>
  </testcase> <!-- @AfterMethod tearDown -->
  <testcase classname="Com.Salesforce.test.basetest.BaseTest" name="@BeforeMethod setUp" time="-1.664636594719E9">
    <skipped/>
  </testcase> <!-- @BeforeMethod setUp -->
  <testcase classname="Com.Salesforce.test.basetest.BaseTest" name="@AfterMethod tearDown" time="-1.664636594721E9">
    <skipped/>
  </testcase> <!-- @AfterMethod tearDown -->
  <testcase classname="Com.Salesforce.test.basetest.BaseTest" name="@BeforeMethod setUp" time="-1.664636594722E9">
    <skipped/>
  </testcase> <!-- @BeforeMethod setUp -->
  <testcase classname="Com.Salesforce.test.basetest.BaseTest" name="@AfterMethod tearDown" time="-1.664636594724E9">
    <skipped/>
  </testcase> <!-- @AfterMethod tearDown -->
  <testcase classname="Com.Salesforce.test.basetest.BaseTest" name="@BeforeMethod setUp" time="-1.664636594725E9">
    <skipped/>
  </testcase> <!-- @BeforeMethod setUp -->
  <testcase classname="Com.Salesforce.test.basetest.BaseTest" name="@AfterMethod tearDown" time="-1.664636594727E9">
    <skipped/>
  </testcase> <!-- @AfterMethod tearDown -->
  <testcase classname="Com.Salesforce.test.basetest.BaseTest" name="@BeforeMethod setUp" time="-1.664636594729E9">
    <skipped/>
  </testcase> <!-- @BeforeMethod setUp -->
  <testcase classname="Com.Salesforce.test.basetest.BaseTest" name="@AfterMethod tearDown" time="-1.664636594735E9">
    <skipped/>
  </testcase> <!-- @AfterMethod tearDown -->
  <testcase classname="Com.Salesforce.test.basetest.BaseTest" name="@BeforeMethod setUp" time="-1.664636594736E9">
    <skipped/>
  </testcase> <!-- @BeforeMethod setUp -->
  <testcase classname="Com.Salesforce.test.basetest.BaseTest" name="@AfterMethod tearDown" time="-1.664636594738E9">
    <skipped/>
  </testcase> <!-- @AfterMethod tearDown -->
  <testcase classname="Com.Salesforce.test.basetest.BaseTest" name="@BeforeMethod setUp" time="-1.664636594739E9">
    <skipped/>
  </testcase> <!-- @BeforeMethod setUp -->
  <testcase classname="Com.Salesforce.test.basetest.BaseTest" name="@AfterMethod tearDown" time="-1.664636594742E9">
    <skipped/>
  </testcase> <!-- @AfterMethod tearDown -->
  <testcase classname="Com.Salesforce.test.basetest.BaseTest" name="@BeforeMethod setUp" time="-1.664636594743E9">
    <skipped/>
  </testcase> <!-- @BeforeMethod setUp -->
  <testcase classname="Com.Salesforce.test.basetest.BaseTest" name="@AfterMethod tearDown" time="-1.664636594745E9">
    <skipped/>
  </testcase> <!-- @AfterMethod tearDown -->
  <testcase classname="Com.Salesforce.test.basetest.BaseTest" name="@BeforeMethod setUp" time="-1.664636594746E9">
    <skipped/>
  </testcase> <!-- @BeforeMethod setUp -->
  <testcase classname="Com.Salesforce.test.basetest.BaseTest" name="@AfterMethod tearDown" time="-1.664636594753E9">
    <skipped/>
  </testcase> <!-- @AfterMethod tearDown -->
  <testcase classname="Com.Salesforce.test.basetest.BaseTest" name="@BeforeMethod setUp" time="-1.664636594754E9">
    <skipped/>
  </testcase> <!-- @BeforeMethod setUp -->
  <testcase classname="Com.Salesforce.test.basetest.BaseTest" name="@AfterMethod tearDown" time="-1.664636594756E9">
    <skipped/>
  </testcase> <!-- @AfterMethod tearDown -->
  <testcase classname="Com.Salesforce.test.basetest.BaseTest" name="@BeforeMethod setUp" time="-1.664636594761E9">
    <skipped/>
  </testcase> <!-- @BeforeMethod setUp -->
  <testcase classname="Com.Salesforce.test.basetest.BaseTest" name="@AfterMethod tearDown" time="-1.664636594762E9">
    <skipped/>
  </testcase> <!-- @AfterMethod tearDown -->
  <testcase classname="Com.Salesforce.test.basetest.BaseTest" name="@BeforeMethod setUp" time="-1.664636594763E9">
    <skipped/>
  </testcase> <!-- @BeforeMethod setUp -->
  <testcase classname="Com.Salesforce.test.basetest.BaseTest" name="@AfterMethod tearDown" time="-1.664636594765E9">
    <skipped/>
  </testcase> <!-- @AfterMethod tearDown -->
  <testcase classname="Com.Salesforce.test.basetest.BaseTest" name="@BeforeMethod setUp" time="-1.664636594765E9">
    <skipped/>
  </testcase> <!-- @BeforeMethod setUp -->
  <testcase classname="Com.Salesforce.test.basetest.BaseTest" name="@AfterMethod tearDown" time="-1.664636594767E9">
    <skipped/>
  </testcase> <!-- @AfterMethod tearDown -->
  <testcase classname="Com.Salesforce.test.basetest.BaseTest" name="@BeforeMethod setUp" time="-1.664636594767E9">
    <skipped/>
  </testcase> <!-- @BeforeMethod setUp -->
  <testcase classname="Com.Salesforce.test.basetest.BaseTest" name="@AfterMethod tearDown" time="-1.664636594769E9">
    <skipped/>
  </testcase> <!-- @AfterMethod tearDown -->
  <testcase classname="Com.Salesforce.test.basetest.BaseTest" name="@BeforeMethod setUp" time="-1.664636594769E9">
    <skipped/>
  </testcase> <!-- @BeforeMethod setUp -->
  <testcase classname="Com.Salesforce.test.basetest.BaseTest" name="@AfterMethod tearDown" time="-1.664636594771E9">
    <skipped/>
  </testcase> <!-- @AfterMethod tearDown -->
  <testcase classname="Com.Salesforce.test.basetest.BaseTest" name="@BeforeMethod setUp" time="-1.664636594772E9">
    <skipped/>
  </testcase> <!-- @BeforeMethod setUp -->
  <testcase classname="Com.Salesforce.test.basetest.BaseTest" name="@AfterMethod tearDown" time="-1.664636594774E9">
    <skipped/>
  </testcase> <!-- @AfterMethod tearDown -->
  <testcase classname="Com.Salesforce.test.basetest.BaseTest" name="@BeforeMethod setUp" time="-1.664636594774E9">
    <skipped/>
  </testcase> <!-- @BeforeMethod setUp -->
  <testcase classname="Com.Salesforce.test.basetest.BaseTest" name="@AfterMethod tearDown" time="-1.664636594775E9">
    <skipped/>
  </testcase> <!-- @AfterMethod tearDown -->
  <testcase classname="Com.Salesforce.test.basetest.BaseTest" name="@BeforeMethod setUp" time="-1.664636594777E9">
    <skipped/>
  </testcase> <!-- @BeforeMethod setUp -->
  <testcase classname="Com.Salesforce.test.basetest.BaseTest" name="@AfterMethod tearDown" time="-1.664636594779E9">
    <skipped/>
  </testcase> <!-- @AfterMethod tearDown -->
  <testcase classname="Com.Salesforce.test.basetest.BaseTest" name="@BeforeMethod setUp" time="-1.664636594779E9">
    <skipped/>
  </testcase> <!-- @BeforeMethod setUp -->
  <testcase classname="Com.Salesforce.test.basetest.BaseTest" name="@AfterMethod tearDown" time="-1.664636594781E9">
    <skipped/>
  </testcase> <!-- @AfterMethod tearDown -->
  <testcase classname="Com.Salesforce.test.basetest.BaseTest" name="@BeforeMethod setUp" time="-1.664636594782E9">
    <skipped/>
  </testcase> <!-- @BeforeMethod setUp -->
  <testcase classname="Com.Salesforce.test.basetest.BaseTest" name="@AfterMethod tearDown" time="-1.664636594783E9">
    <skipped/>
  </testcase> <!-- @AfterMethod tearDown -->
  <testcase classname="Com.Salesforce.test.basetest.BaseTest" name="@BeforeMethod setUp" time="-1.664636594784E9">
    <skipped/>
  </testcase> <!-- @BeforeMethod setUp -->
  <testcase classname="Com.Salesforce.test.basetest.BaseTest" name="@AfterMethod tearDown" time="-1.664636594785E9">
    <skipped/>
  </testcase> <!-- @AfterMethod tearDown -->
  <testcase classname="Com.Salesforce.test.basetest.BaseTest" name="@BeforeMethod setUp" time="-1.664636594786E9">
    <skipped/>
  </testcase> <!-- @BeforeMethod setUp -->
  <testcase classname="Com.Salesforce.test.basetest.BaseTest" name="@AfterMethod tearDown" time="-1.664636594788E9">
    <skipped/>
  </testcase> <!-- @AfterMethod tearDown -->
  <testcase classname="Com.Salesforce.test.basetest.BaseTest" name="@BeforeMethod setUp" time="-1.664636594789E9">
    <skipped/>
  </testcase> <!-- @BeforeMethod setUp -->
  <testcase classname="Com.Salesforce.test.basetest.BaseTest" name="@AfterMethod tearDown" time="-1.66463659479E9">
    <skipped/>
  </testcase> <!-- @AfterMethod tearDown -->
  <testcase classname="Com.Salesforce.test.basetest.BaseTest" name="@BeforeMethod setUp" time="-1.66463659479E9">
    <skipped/>
  </testcase> <!-- @BeforeMethod setUp -->
  <testcase classname="Com.Salesforce.test.basetest.BaseTest" name="@AfterMethod tearDown" time="-1.664636594791E9">
    <skipped/>
  </testcase> <!-- @AfterMethod tearDown -->
  <testcase classname="Com.Salesforce.test.basetest.BaseTest" name="@BeforeMethod setUp" time="-1.664636594792E9">
    <skipped/>
  </testcase> <!-- @BeforeMethod setUp -->
  <testcase classname="Com.Salesforce.test.basetest.BaseTest" name="@AfterMethod tearDown" time="-1.664636594793E9">
    <skipped/>
  </testcase> <!-- @AfterMethod tearDown -->
  <testcase classname="Com.Salesforce.test.basetest.BaseTest" name="@BeforeMethod setUp" time="-1.664636594793E9">
    <skipped/>
  </testcase> <!-- @BeforeMethod setUp -->
  <testcase classname="Com.Salesforce.test.basetest.BaseTest" name="@AfterMethod tearDown" time="-1.664636594795E9">
    <skipped/>
  </testcase> <!-- @AfterMethod tearDown -->
  <testcase classname="Com.Salesforce.test.basetest.BaseTest" name="@BeforeMethod setUp" time="-1.664636594796E9">
    <skipped/>
  </testcase> <!-- @BeforeMethod setUp -->
  <testcase classname="Com.Salesforce.test.basetest.BaseTest" name="@AfterMethod tearDown" time="-1.664636594797E9">
    <skipped/>
  </testcase> <!-- @AfterMethod tearDown -->
  <testcase classname="Com.Salesforce.test.basetest.BaseTest" name="@BeforeMethod setUp" time="-1.664636594798E9">
    <skipped/>
  </testcase> <!-- @BeforeMethod setUp -->
  <testcase classname="Com.Salesforce.test.basetest.BaseTest" name="@AfterMethod tearDown" time="-1.664636594799E9">
    <skipped/>
  </testcase> <!-- @AfterMethod tearDown -->
  <testcase classname="Com.Salesforce.test.basetest.BaseTest" name="@BeforeMethod setUp" time="-1.6646365948E9">
    <skipped/>
  </testcase> <!-- @BeforeMethod setUp -->
  <testcase classname="Com.Salesforce.test.basetest.BaseTest" name="@AfterMethod tearDown" time="-1.664636594801E9">
    <skipped/>
  </testcase> <!-- @AfterMethod tearDown -->
  <testcase classname="Com.Salesforce.test.basetest.BaseTest" name="@BeforeMethod setUp" time="-1.664636594801E9">
    <skipped/>
  </testcase> <!-- @BeforeMethod setUp -->
  <testcase classname="Com.Salesforce.test.basetest.BaseTest" name="@AfterMethod tearDown" time="-1.664636594803E9">
    <skipped/>
  </testcase> <!-- @AfterMethod tearDown -->
  <testcase classname="Com.Salesforce.test.basetest.BaseTest" name="@BeforeMethod setUp" time="-1.664636594804E9">
    <skipped/>
  </testcase> <!-- @BeforeMethod setUp -->
  <testcase classname="Com.Salesforce.test.basetest.BaseTest" name="@AfterMethod tearDown" time="-1.664636594806E9">
    <skipped/>
  </testcase> <!-- @AfterMethod tearDown -->
  <testcase classname="Com.Salesforce.test.tests.AutomationScripts" name="OppoPipelineReport17" time="0.0">
    <skipped/>
  </testcase> <!-- OppoPipelineReport17 -->
  <testcase classname="Com.Salesforce.test.tests.AutomationScripts" name="SelectMyProfileoptionusermenudropdown06" time="0.0">
    <skipped/>
  </testcase> <!-- SelectMyProfileoptionusermenudropdown06 -->
  <testcase classname="Com.Salesforce.test.tests.AutomationScripts" name="blockinganEventCalender36" time="0.0">
    <skipped/>
  </testcase> <!-- blockinganEventCalender36 -->
  <testcase classname="Com.Salesforce.test.tests.AutomationScripts" name="checkCanecelbuttonCreatenewView31" time="0.0">
    <skipped/>
  </testcase> <!-- checkCanecelbuttonCreatenewView31 -->
  <testcase classname="Com.Salesforce.test.tests.AutomationScripts" name="checkLeadsTab20" time="0.0">
    <skipped/>
  </testcase> <!-- checkLeadsTab20 -->
  <testcase classname="Com.Salesforce.test.tests.AutomationScripts" name="checkNewbuttonLeadspage24" time="0.0">
    <skipped/>
  </testcase> <!-- checkNewbuttonLeadspage24 -->
  <testcase classname="Com.Salesforce.test.tests.AutomationScripts" name="checkRecentlyCreatedView27" time="0.0">
    <skipped/>
  </testcase> <!-- checkRecentlyCreatedView27 -->
  <testcase classname="Com.Salesforce.test.tests.AutomationScripts" name="checkRememberMe03" time="0.0">
    <skipped/>
  </testcase> <!-- checkRememberMe03 -->
  <testcase classname="Com.Salesforce.test.tests.AutomationScripts" name="checkSaveNewbuttonContact32" time="0.0">
    <skipped/>
  </testcase> <!-- checkSaveNewbuttonContact32 -->
  <testcase classname="Com.Salesforce.test.tests.AutomationScripts" name="creatNewview11" time="0.0">
    <skipped/>
  </testcase> <!-- creatNewview11 -->
  <testcase classname="Com.Salesforce.test.tests.AutomationScripts" name="creatReport14" time="0.0">
    <skipped/>
  </testcase> <!-- creatReport14 -->
  <testcase classname="Com.Salesforce.test.tests.AutomationScripts" name="creatanAccount10" time="0.0">
    <skipped/>
  </testcase> <!-- creatanAccount10 -->
  <testcase classname="Com.Salesforce.test.tests.AutomationScripts" name="createEditView12" time="0.0">
    <skipped/>
  </testcase> <!-- createEditView12 -->
  <testcase classname="Com.Salesforce.test.tests.AutomationScripts" name="createNewContact25" time="0.0">
    <skipped/>
  </testcase> <!-- createNewContact25 -->
  <testcase classname="Com.Salesforce.test.tests.AutomationScripts" name="createNewcontactView26" time="0.0">
    <skipped/>
  </testcase> <!-- createNewcontactView26 -->
  <testcase classname="Com.Salesforce.test.tests.AutomationScripts" name="createnewOppourtunity16" time="0.0">
    <skipped/>
  </testcase> <!-- createnewOppourtunity16 -->
  <testcase classname="Com.Salesforce.test.tests.AutomationScripts" name="defaultView22" time="0.0">
    <skipped/>
  </testcase> <!-- defaultView22 -->
  <testcase classname="Com.Salesforce.test.tests.AutomationScripts" name="forgotPassword4A" time="0.0">
    <skipped/>
  </testcase> <!-- forgotPassword4A -->
  <testcase classname="Com.Salesforce.test.tests.AutomationScripts" name="leadSelectView21" time="0.0">
    <skipped/>
  </testcase> <!-- leadSelectView21 -->
  <testcase classname="Com.Salesforce.test.tests.AutomationScripts" name="loginErrorMessage01" time="0.0">
    <skipped/>
  </testcase> <!-- loginErrorMessage01 -->
  <testcase classname="Com.Salesforce.test.tests.AutomationScripts" name="loginwithvalidCredentials02" time="0.0">
    <skipped/>
  </testcase> <!-- loginwithvalidCredentials02 -->
  <testcase classname="Com.Salesforce.test.tests.AutomationScripts" name="logoutFromSalesForce09" time="0.0">
    <skipped/>
  </testcase> <!-- logoutFromSalesForce09 -->
  <testcase classname="Com.Salesforce.test.tests.AutomationScripts" name="mergeAccounts13" time="0.0">
    <skipped/>
  </testcase> <!-- mergeAccounts13 -->
  <testcase classname="Com.Salesforce.test.tests.AutomationScripts" name="mySettingfomUserMenu07" time="0.001">
    <skipped/>
  </testcase> <!-- mySettingfomUserMenu07 -->
  <testcase classname="Com.Salesforce.test.tests.AutomationScripts" name="mycontactView28" time="0.0">
    <skipped/>
  </testcase> <!-- mycontactView28 -->
  <testcase classname="Com.Salesforce.test.tests.AutomationScripts" name="newViewerrormessage30" time="0.0">
    <skipped/>
  </testcase> <!-- newViewerrormessage30 -->
  <testcase classname="Com.Salesforce.test.tests.AutomationScripts" name="oppourtunitiesDropDown15" time="0.0">
    <skipped/>
  </testcase> <!-- oppourtunitiesDropDown15 -->
  <testcase classname="Com.Salesforce.test.tests.AutomationScripts" name="quaterlySummeryReport19" time="0.0">
    <skipped/>
  </testcase> <!-- quaterlySummeryReport19 -->
  <testcase classname="Com.Salesforce.test.tests.AutomationScripts" name="selectDeveloperConsole08" time="0.0">
    <skipped/>
  </testcase> <!-- selectDeveloperConsole08 -->
  <testcase classname="Com.Salesforce.test.tests.AutomationScripts" name="selectUsermenuDropDown05" time="0.0">
    <skipped/>
  </testcase> <!-- selectUsermenuDropDown05 -->
  <testcase classname="Com.Salesforce.test.tests.AutomationScripts" name="stuckoppoReport18" time="0.0">
    <skipped/>
  </testcase> <!-- stuckoppoReport18 -->
  <testcase classname="Com.Salesforce.test.tests.AutomationScripts" name="todaysLead23" time="0.0">
    <skipped/>
  </testcase> <!-- todaysLead23 -->
  <testcase classname="Com.Salesforce.test.tests.AutomationScripts" name="verifyTabcustamization35" time="0.0">
    <skipped/>
  </testcase> <!-- verifyTabcustamization35 -->
  <testcase classname="Com.Salesforce.test.tests.AutomationScripts" name="verifyeditLastnameofuser34" time="0.0">
    <skipped/>
  </testcase> <!-- verifyeditLastnameofuser34 -->
  <testcase classname="Com.Salesforce.test.tests.AutomationScripts" name="verifyfnameLnameofuser33" time="0.0">
    <skipped/>
  </testcase> <!-- verifyfnameLnameofuser33 -->
  <testcase classname="Com.Salesforce.test.tests.AutomationScripts" name="viewContactPage29" time="0.0">
    <skipped/>
  </testcase> <!-- viewContactPage29 -->
  <testcase classname="Com.Salesforce.test.tests.AutomationScripts" name="wrongCredential4B" time="0.0">
    <skipped/>
  </testcase> <!-- wrongCredential4B -->
</testsuite> <!-- Default test -->
