<?xml version="1.0" encoding="UTF-8"?>
<!-- Generated by org.testng.reporters.JUnitXMLReporter -->
<testsuite ignored="36" hostname="LAPTOP-4VH20URH" failures="1" tests="1" name="ChromeRegression" time="24.228" errors="0" timestamp="2022-10-02T22:18:14 EDT">
  <testcase classname="Com.Salesforce.test.tests.AutomationScripts" name="creatNewview11" time="14.76">
    <failure type="org.openqa.selenium.NoSuchElementException" message="no such element: Unable to locate element: {&amp;quot;method&amp;quot;:&amp;quot;css selector&amp;quot;,&amp;quot;selector&amp;quot;:&amp;quot;*[name=&amp;apos;fcf&amp;apos;]&amp;quot;}
  (Session info: MicrosoftEdge=105.0.1343.53)
For documentation on this error, please visit: https://selenium.dev/exceptions/#no_such_element
Build info: version: &amp;apos;4.4.0&amp;apos;, revision: &amp;apos;e5c75ed026a&amp;apos;
System info: host: &amp;apos;LAPTOP-4VH20URH&amp;apos;, ip: &amp;apos;192.168.50.246&amp;apos;, os.name: &amp;apos;Windows 10&amp;apos;, os.arch: &amp;apos;amd64&amp;apos;, os.version: &amp;apos;10.0&amp;apos;, java.version: &amp;apos;18&amp;apos;
Driver info: org.openqa.selenium.edge.EdgeDriver
Command: [96748e5a18a84314be5d9130d2fdc9f6, findElement {using=name, value=fcf}]
Capabilities {acceptInsecureCerts: false, browserName: msedge, browserVersion: 105.0.1343.53, ms:edgeOptions: {debuggerAddress: localhost:62303}, msedge: {msedgedriverVersion: 105.0.1343.53 (3a47f00402d5..., userDataDir: C:\Users\Gayathri\AppData\L...}, networkConnectionEnabled: false, pageLoadStrategy: normal, platformName: WINDOWS, proxy: Proxy(), se:cdp: ws://localhost:62303/devtoo..., se:cdpVersion: 105.0.1343.53, setWindowRect: true, strictFileInteractability: false, timeouts: {implicit: 0, pageLoad: 300000, script: 30000}, unhandledPromptBehavior: dismiss and notify, webauthn:extension:credBlob: true, webauthn:extension:largeBlob: true, webauthn:virtualAuthenticators: true}
Session ID: 96748e5a18a84314be5d9130d2fdc9f6">
      <![CDATA[org.openqa.selenium.NoSuchElementException: no such element: Unable to locate element: {"method":"css selector","selector":"*[name='fcf']"}
  (Session info: MicrosoftEdge=105.0.1343.53)
For documentation on this error, please visit: https://selenium.dev/exceptions/#no_such_element
Build info: version: '4.4.0', revision: 'e5c75ed026a'
System info: host: 'LAPTOP-4VH20URH', ip: '192.168.50.246', os.name: 'Windows 10', os.arch: 'amd64', os.version: '10.0', java.version: '18'
Driver info: org.openqa.selenium.edge.EdgeDriver
Command: [96748e5a18a84314be5d9130d2fdc9f6, findElement {using=name, value=fcf}]
Capabilities {acceptInsecureCerts: false, browserName: msedge, browserVersion: 105.0.1343.53, ms:edgeOptions: {debuggerAddress: localhost:62303}, msedge: {msedgedriverVersion: 105.0.1343.53 (3a47f00402d5..., userDataDir: C:\Users\Gayathri\AppData\L...}, networkConnectionEnabled: false, pageLoadStrategy: normal, platformName: WINDOWS, proxy: Proxy(), se:cdp: ws://localhost:62303/devtoo..., se:cdpVersion: 105.0.1343.53, setWindowRect: true, strictFileInteractability: false, timeouts: {implicit: 0, pageLoad: 300000, script: 30000}, unhandledPromptBehavior: dismiss and notify, webauthn:extension:credBlob: true, webauthn:extension:largeBlob: true, webauthn:virtualAuthenticators: true}
Session ID: 96748e5a18a84314be5d9130d2fdc9f6
at org.openqa.selenium.remote.codec.w3c.W3CHttpResponseCodec.createException(W3CHttpResponseCodec.java:200)
at org.openqa.selenium.remote.codec.w3c.W3CHttpResponseCodec.decode(W3CHttpResponseCodec.java:133)
at org.openqa.selenium.remote.codec.w3c.W3CHttpResponseCodec.decode(W3CHttpResponseCodec.java:53)
at org.openqa.selenium.remote.HttpCommandExecutor.execute(HttpCommandExecutor.java:184)
at org.openqa.selenium.remote.service.DriverCommandExecutor.invokeExecute(DriverCommandExecutor.java:167)
at org.openqa.selenium.remote.service.DriverCommandExecutor.execute(DriverCommandExecutor.java:142)
at org.openqa.selenium.remote.RemoteWebDriver.execute(RemoteWebDriver.java:547)
at org.openqa.selenium.remote.ElementLocation$ElementFinder$2.findElement(ElementLocation.java:162)
at org.openqa.selenium.remote.ElementLocation.findElement(ElementLocation.java:66)
at org.openqa.selenium.remote.RemoteWebDriver.findElement(RemoteWebDriver.java:365)
at org.openqa.selenium.remote.RemoteWebDriver.findElement(RemoteWebDriver.java:357)
at Com.Salesforce.test.tests.AutomationScripts.creatNewview11(AutomationScripts.java:301)
at java.base/java.util.ArrayList.forEach(ArrayList.java:1511)
... Removed 28 stack frames]]>
    </failure>
  </testcase> <!-- creatNewview11 -->
  <testcase classname="Com.Salesforce.test.tests.AutomationScripts" name="createnewOppourtunity16" time="0.0">
    <ignored/>
  </testcase> <!-- createnewOppourtunity16 -->
  <testcase classname="Com.Salesforce.test.tests.AutomationScripts" name="mycontactView28" time="0.0">
    <ignored/>
  </testcase> <!-- mycontactView28 -->
  <testcase classname="Com.Salesforce.test.tests.AutomationScripts" name="loginwithvalidCredentials02" time="0.0">
    <ignored/>
  </testcase> <!-- loginwithvalidCredentials02 -->
  <testcase classname="Com.Salesforce.test.tests.AutomationScripts" name="wrongCredential4B" time="0.0">
    <ignored/>
  </testcase> <!-- wrongCredential4B -->
  <testcase classname="Com.Salesforce.test.tests.AutomationScripts" name="creatanAccount10" time="0.0">
    <ignored/>
  </testcase> <!-- creatanAccount10 -->
  <testcase classname="Com.Salesforce.test.tests.AutomationScripts" name="viewContactPage29" time="0.0">
    <ignored/>
  </testcase> <!-- viewContactPage29 -->
  <testcase classname="Com.Salesforce.test.tests.AutomationScripts" name="stuckoppoReport18" time="0.0">
    <ignored/>
  </testcase> <!-- stuckoppoReport18 -->
  <testcase classname="Com.Salesforce.test.tests.AutomationScripts" name="verifyTabcustamization35" time="0.0">
    <ignored/>
  </testcase> <!-- verifyTabcustamization35 -->
  <testcase classname="Com.Salesforce.test.tests.AutomationScripts" name="creatReport14" time="0.0">
    <ignored/>
  </testcase> <!-- creatReport14 -->
  <testcase classname="Com.Salesforce.test.tests.AutomationScripts" name="newViewerrormessage30" time="0.0">
    <ignored/>
  </testcase> <!-- newViewerrormessage30 -->
  <testcase classname="Com.Salesforce.test.tests.AutomationScripts" name="SelectMyProfileoptionusermenudropdown06" time="0.0">
    <ignored/>
  </testcase> <!-- SelectMyProfileoptionusermenudropdown06 -->
  <testcase classname="Com.Salesforce.test.tests.AutomationScripts" name="leadSelectView21" time="0.0">
    <ignored/>
  </testcase> <!-- leadSelectView21 -->
  <testcase classname="Com.Salesforce.test.tests.AutomationScripts" name="selectDeveloperConsole08" time="0.0">
    <ignored/>
  </testcase> <!-- selectDeveloperConsole08 -->
  <testcase classname="Com.Salesforce.test.tests.AutomationScripts" name="createNewContact25" time="0.0">
    <ignored/>
  </testcase> <!-- createNewContact25 -->
  <testcase classname="Com.Salesforce.test.tests.AutomationScripts" name="createEditView12" time="0.0">
    <ignored/>
  </testcase> <!-- createEditView12 -->
  <testcase classname="Com.Salesforce.test.tests.AutomationScripts" name="loginErrorMessage01" time="0.0">
    <ignored/>
  </testcase> <!-- loginErrorMessage01 -->
  <testcase classname="Com.Salesforce.test.tests.AutomationScripts" name="quaterlySummeryReport19" time="0.0">
    <ignored/>
  </testcase> <!-- quaterlySummeryReport19 -->
  <testcase classname="Com.Salesforce.test.tests.AutomationScripts" name="createNewcontactView26" time="0.0">
    <ignored/>
  </testcase> <!-- createNewcontactView26 -->
  <testcase classname="Com.Salesforce.test.tests.AutomationScripts" name="mySettingfomUserMenu07" time="0.0">
    <ignored/>
  </testcase> <!-- mySettingfomUserMenu07 -->
  <testcase classname="Com.Salesforce.test.tests.AutomationScripts" name="oppourtunitiesDropDown15" time="0.0">
    <ignored/>
  </testcase> <!-- oppourtunitiesDropDown15 -->
  <testcase classname="Com.Salesforce.test.tests.AutomationScripts" name="checkNewbuttonLeadspage24" time="0.0">
    <ignored/>
  </testcase> <!-- checkNewbuttonLeadspage24 -->
  <testcase classname="Com.Salesforce.test.tests.AutomationScripts" name="checkLeadsTab20" time="0.0">
    <ignored/>
  </testcase> <!-- checkLeadsTab20 -->
  <testcase classname="Com.Salesforce.test.tests.AutomationScripts" name="forgotPassword4A" time="0.0">
    <ignored/>
  </testcase> <!-- forgotPassword4A -->
  <testcase classname="Com.Salesforce.test.tests.AutomationScripts" name="blockinganEventCalender36" time="0.0">
    <ignored/>
  </testcase> <!-- blockinganEventCalender36 -->
  <testcase classname="Com.Salesforce.test.tests.AutomationScripts" name="verifyfnameLnameofuser33" time="0.0">
    <ignored/>
  </testcase> <!-- verifyfnameLnameofuser33 -->
  <testcase classname="Com.Salesforce.test.tests.AutomationScripts" name="checkRecentlyCreatedView27" time="0.0">
    <ignored/>
  </testcase> <!-- checkRecentlyCreatedView27 -->
  <testcase classname="Com.Salesforce.test.tests.AutomationScripts" name="logoutFromSalesForce09" time="0.0">
    <ignored/>
  </testcase> <!-- logoutFromSalesForce09 -->
  <testcase classname="Com.Salesforce.test.tests.AutomationScripts" name="selectUsermenuDropDown05" time="0.0">
    <ignored/>
  </testcase> <!-- selectUsermenuDropDown05 -->
  <testcase classname="Com.Salesforce.test.tests.AutomationScripts" name="todaysLead23" time="0.0">
    <ignored/>
  </testcase> <!-- todaysLead23 -->
  <testcase classname="Com.Salesforce.test.tests.AutomationScripts" name="checkCanecelbuttonCreatenewView31" time="0.0">
    <ignored/>
  </testcase> <!-- checkCanecelbuttonCreatenewView31 -->
  <testcase classname="Com.Salesforce.test.tests.AutomationScripts" name="checkRememberMe03" time="0.0">
    <ignored/>
  </testcase> <!-- checkRememberMe03 -->
  <testcase classname="Com.Salesforce.test.tests.AutomationScripts" name="defaultView22" time="0.0">
    <ignored/>
  </testcase> <!-- defaultView22 -->
  <testcase classname="Com.Salesforce.test.tests.AutomationScripts" name="OppoPipelineReport17" time="0.0">
    <ignored/>
  </testcase> <!-- OppoPipelineReport17 -->
  <testcase classname="Com.Salesforce.test.tests.AutomationScripts" name="mergeAccounts13" time="0.0">
    <ignored/>
  </testcase> <!-- mergeAccounts13 -->
  <testcase classname="Com.Salesforce.test.tests.AutomationScripts" name="verifyeditLastnameofuser34" time="0.0">
    <ignored/>
  </testcase> <!-- verifyeditLastnameofuser34 -->
  <testcase classname="Com.Salesforce.test.tests.AutomationScripts" name="checkSaveNewbuttonContact32" time="0.0">
    <ignored/>
  </testcase> <!-- checkSaveNewbuttonContact32 -->
</testsuite> <!-- ChromeRegression -->
