<?xml version="1.0" encoding="UTF-8"?>
<!-- Generated by org.testng.reporters.JUnitXMLReporter -->
<testsuite ignored="27" hostname="LAPTOP-4VH20URH" failures="1" tests="1" name="Regression" time="47.382" errors="0" timestamp="2022-09-30T16:40:42 EDT">
  <testcase classname="Com.Salesforce.test.tests.AutomationScripts" name="verifyeditLastnameofuser34" time="39.959">
    <failure type="org.openqa.selenium.TimeoutException" message="Expected condition failed: waiting for visibility of element located by By.xpath: //*[@id=&amp;quot;contactInfoContent&amp;quot;] (tried for 30 second(s) with 500 milliseconds interval)
Build info: version: &amp;apos;4.4.0&amp;apos;, revision: &amp;apos;e5c75ed026a&amp;apos;
System info: host: &amp;apos;LAPTOP-4VH20URH&amp;apos;, ip: &amp;apos;192.168.50.246&amp;apos;, os.name: &amp;apos;Windows 10&amp;apos;, os.arch: &amp;apos;amd64&amp;apos;, os.version: &amp;apos;10.0&amp;apos;, java.version: &amp;apos;18&amp;apos;
Driver info: org.openqa.selenium.edge.EdgeDriver
Capabilities {acceptInsecureCerts: false, browserName: msedge, browserVersion: 105.0.1343.53, ms:edgeOptions: {debuggerAddress: localhost:53692}, msedge: {msedgedriverVersion: 105.0.1343.53 (3a47f00402d5..., userDataDir: C:\Users\Gayathri\AppData\L...}, networkConnectionEnabled: false, pageLoadStrategy: normal, platformName: WINDOWS, proxy: Proxy(), se:cdp: ws://localhost:53692/devtoo..., se:cdpVersion: 105.0.1343.53, setWindowRect: true, strictFileInteractability: false, timeouts: {implicit: 0, pageLoad: 300000, script: 30000}, unhandledPromptBehavior: dismiss and notify, webauthn:extension:credBlob: true, webauthn:extension:largeBlob: true, webauthn:virtualAuthenticators: true}
Session ID: c2acfebd3ab2ef4c082633bf5a25c4fc">
      <![CDATA[org.openqa.selenium.TimeoutException: Expected condition failed: waiting for visibility of element located by By.xpath: //*[@id="contactInfoContent"] (tried for 30 second(s) with 500 milliseconds interval)
Build info: version: '4.4.0', revision: 'e5c75ed026a'
System info: host: 'LAPTOP-4VH20URH', ip: '192.168.50.246', os.name: 'Windows 10', os.arch: 'amd64', os.version: '10.0', java.version: '18'
Driver info: org.openqa.selenium.edge.EdgeDriver
Capabilities {acceptInsecureCerts: false, browserName: msedge, browserVersion: 105.0.1343.53, ms:edgeOptions: {debuggerAddress: localhost:53692}, msedge: {msedgedriverVersion: 105.0.1343.53 (3a47f00402d5..., userDataDir: C:\Users\Gayathri\AppData\L...}, networkConnectionEnabled: false, pageLoadStrategy: normal, platformName: WINDOWS, proxy: Proxy(), se:cdp: ws://localhost:53692/devtoo..., se:cdpVersion: 105.0.1343.53, setWindowRect: true, strictFileInteractability: false, timeouts: {implicit: 0, pageLoad: 300000, script: 30000}, unhandledPromptBehavior: dismiss and notify, webauthn:extension:credBlob: true, webauthn:extension:largeBlob: true, webauthn:virtualAuthenticators: true}
Session ID: c2acfebd3ab2ef4c082633bf5a25c4fc
at org.openqa.selenium.support.ui.WebDriverWait.timeoutException(WebDriverWait.java:87)
at org.openqa.selenium.support.ui.FluentWait.until(FluentWait.java:231)
at Com.Salesforce.test.basetest.BaseTest.WaituntilElementLocate(BaseTest.java:247)
at Com.Salesforce.test.tests.AutomationScripts.verifyeditLastnameofuser34(AutomationScripts.java:549)
at java.base/java.util.ArrayList.forEach(ArrayList.java:1511)
... Removed 25 stack frames]]>
    </failure>
  </testcase> <!-- verifyeditLastnameofuser34 -->
  <testcase classname="Com.Salesforce.test.tests.AutomationScripts" name="mycontactView28" time="0.0">
    <ignored/>
  </testcase> <!-- mycontactView28 -->
  <testcase classname="Com.Salesforce.test.tests.AutomationScripts" name="loginwithvalidCredentials02" time="0.0">
    <ignored/>
  </testcase> <!-- loginwithvalidCredentials02 -->
  <testcase classname="Com.Salesforce.test.tests.AutomationScripts" name="wrongCredential4B" time="0.0">
    <ignored/>
  </testcase> <!-- wrongCredential4B -->
  <testcase classname="Com.Salesforce.test.tests.AutomationScripts" name="viewContactPage29" time="0.0">
    <ignored/>
  </testcase> <!-- viewContactPage29 -->
  <testcase classname="Com.Salesforce.test.tests.AutomationScripts" name="stuckoppoReport18" time="0.0">
    <ignored/>
  </testcase> <!-- stuckoppoReport18 -->
  <testcase classname="Com.Salesforce.test.tests.AutomationScripts" name="verifyTabcustamization35" time="0.0">
    <ignored/>
  </testcase> <!-- verifyTabcustamization35 -->
  <testcase classname="Com.Salesforce.test.tests.AutomationScripts" name="newViewerrormessage30" time="0.0">
    <ignored/>
  </testcase> <!-- newViewerrormessage30 -->
  <testcase classname="Com.Salesforce.test.tests.AutomationScripts" name="leadSelectView21" time="0.0">
    <ignored/>
  </testcase> <!-- leadSelectView21 -->
  <testcase classname="Com.Salesforce.test.tests.AutomationScripts" name="createNewContact25" time="0.0">
    <ignored/>
  </testcase> <!-- createNewContact25 -->
  <testcase classname="Com.Salesforce.test.tests.AutomationScripts" name="selectDeveloperConsole08" time="0.0">
    <ignored/>
  </testcase> <!-- selectDeveloperConsole08 -->
  <testcase classname="Com.Salesforce.test.tests.AutomationScripts" name="loginErrorMessage01" time="0.0">
    <ignored/>
  </testcase> <!-- loginErrorMessage01 -->
  <testcase classname="Com.Salesforce.test.tests.AutomationScripts" name="quaterlySummeryReport19" time="0.0">
    <ignored/>
  </testcase> <!-- quaterlySummeryReport19 -->
  <testcase classname="Com.Salesforce.test.tests.AutomationScripts" name="createNewcontactView26" time="0.0">
    <ignored/>
  </testcase> <!-- createNewcontactView26 -->
  <testcase classname="Com.Salesforce.test.tests.AutomationScripts" name="checkNewbuttonLeadspage24" time="0.0">
    <ignored/>
  </testcase> <!-- checkNewbuttonLeadspage24 -->
  <testcase classname="Com.Salesforce.test.tests.AutomationScripts" name="checkLeadsTab20" time="0.0">
    <ignored/>
  </testcase> <!-- checkLeadsTab20 -->
  <testcase classname="Com.Salesforce.test.tests.AutomationScripts" name="forgotPassword4A" time="0.0">
    <ignored/>
  </testcase> <!-- forgotPassword4A -->
  <testcase classname="Com.Salesforce.test.tests.AutomationScripts" name="blockinganEventCalender36" time="0.0">
    <ignored/>
  </testcase> <!-- blockinganEventCalender36 -->
  <testcase classname="Com.Salesforce.test.tests.AutomationScripts" name="verifyfnameLnameofuser33" time="0.0">
    <ignored/>
  </testcase> <!-- verifyfnameLnameofuser33 -->
  <testcase classname="Com.Salesforce.test.tests.AutomationScripts" name="checkRecentlyCreatedView27" time="0.0">
    <ignored/>
  </testcase> <!-- checkRecentlyCreatedView27 -->
  <testcase classname="Com.Salesforce.test.tests.AutomationScripts" name="logoutFromSalesForce09" time="0.0">
    <ignored/>
  </testcase> <!-- logoutFromSalesForce09 -->
  <testcase classname="Com.Salesforce.test.tests.AutomationScripts" name="selectUsermenuDropDown05" time="0.0">
    <ignored/>
  </testcase> <!-- selectUsermenuDropDown05 -->
  <testcase classname="Com.Salesforce.test.tests.AutomationScripts" name="todaysLead23" time="0.0">
    <ignored/>
  </testcase> <!-- todaysLead23 -->
  <testcase classname="Com.Salesforce.test.tests.AutomationScripts" name="checkCanecelbuttonCreatenewView31" time="0.0">
    <ignored/>
  </testcase> <!-- checkCanecelbuttonCreatenewView31 -->
  <testcase classname="Com.Salesforce.test.tests.AutomationScripts" name="checkRememberMe03" time="0.0">
    <ignored/>
  </testcase> <!-- checkRememberMe03 -->
  <testcase classname="Com.Salesforce.test.tests.AutomationScripts" name="defaultView22" time="0.0">
    <ignored/>
  </testcase> <!-- defaultView22 -->
  <testcase classname="Com.Salesforce.test.tests.AutomationScripts" name="OppoPipelineReport17" time="0.0">
    <ignored/>
  </testcase> <!-- OppoPipelineReport17 -->
  <testcase classname="Com.Salesforce.test.tests.AutomationScripts" name="checkSaveNewbuttonContact32" time="0.0">
    <ignored/>
  </testcase> <!-- checkSaveNewbuttonContact32 -->
</testsuite> <!-- Regression -->
